#
# There is insufficient memory for the Java Runtime Environment to continue.
# Native memory allocation (mmap) failed to map 17825792 bytes for G1 virtual space
# Possible reasons:
#   The system is out of physical RAM or swap space
#   The process is running with CompressedOops enabled, and the Java Heap may be blocking the growth of the native heap
# Possible solutions:
#   Reduce memory load on the system
#   Increase physical memory or swap space
#   Check if swap backing store is full
#   Decrease Java heap size (-Xmx/-Xms)
#   Decrease number of Java threads
#   Decrease Java thread stack sizes (-Xss)
#   Set larger code cache with -XX:ReservedCodeCacheSize=
#   JVM is running with Unscaled Compressed Oops mode in which the Java heap is
#     placed in the first 4GB address space. The Java Heap base address is the
#     maximum limit for the native heap growth. Please use -XX:HeapBaseMinAddress
#     to set the Java Heap base and to place the Java Heap above 4GB virtual address.
# This output file may be truncated or incomplete.
#
#  Out of Memory Error (os_windows.cpp:3769), pid=26488, tid=18812
#
# JRE version: OpenJDK Runtime Environment (17.0.6) (build 17.0.6+0-b2043.56-10027231)
# Java VM: OpenJDK 64-Bit Server VM (17.0.6+0-b2043.56-10027231, mixed mode, tiered, compressed oops, compressed class ptrs, g1 gc, windows-amd64)
# No core dump will be written. Minidumps are not enabled by default on client versions of Windows
#

---------------  S U M M A R Y ------------

Command Line: org.jetbrains.kotlin.cli.jvm.K2JVMCompiler @C:\Users\corentin\Documents\Programmation\AndroidStudioProjects\MyApplication\app\build\20230919_2691166378214368379.compiler.options

Host: AMD Ryzen 3 7320U with Radeon Graphics         , 8 cores, 7G,  Windows 11 , 64 bit Build 22621 (10.0.22621.2215)
Time: Tue Sep 19 11:39:02 2023 Paris, Madrid (heure duild 22621 (10.0.22621.2215) elapsed time: 46.506237 seconds (0d 0h 0m 46s)

---------------  T H R E A D  ---------------

Current thread (0x000001688f93d0f0):  VMThread "VM Thread" [stack: 0x000000057d300000,0x000000057d400000] [id=18812]

Stack: [0x000000057d300000,0x000000057d400000]
Native frames: (J=compiled Java code, j=interpreted, Vv=VM code, C=native code)
V  [jvm.dll+0x683c9a]
V  [jvm.dll+0x8427a4]
V  [jvm.dll+0x843f9e]
V  [jvm.dll+0x844603]
V  [jvm.dll+0x249b75]
V  [jvm.dll+0x680b69]
V  [jvm.dll+0x67505a]
V  [jvm.dll+0x309acb]
V  [jvm.dll+0x310f86]
V  [jvm.dll+0x3608ee]
V  [jvm.dll+0x360b1f]
V  [jvm.dll+0x2dfbf8]
V  [jvm.dll+0x2ddec4]
V  [jvm.dll+0x2dd4cc]
V  [jvm.dll+0x321f3b]
V  [jvm.dll+0x848ccb]
V  [jvm.dll+0x849a04]
V  [jvm.dll+0x849f1d]
V  [jvm.dll+0x84a2f4]
V  [jvm.dll+0x84a3c0]
V  [jvm.dll+0x7f274a]
V  [jvm.dll+0x682ad5]
C  [ucrtbase.dll+0x29363]
C  [KERNEL32.DLL+0x1257d]
C  [ntdll.dll+0x5aa68]

VM_Operation (0x000000057cdfc260): G1CollectForAllocation, mode: safepoint, requested by thread 0x00000168f3e52f60


---------------  P R O C E S S  ---------------

Threads class SMR info:
_java_thread_list=0x0000016892bc3ab0, length=14, elements={
0x00000168f3e52f60, 0x000001688f940d20, 0x000001688f973010, 0x000001688f961420,
0x000001689043e410, 0x00000168904418f0, 0x00000168904421b0, 0x0000016890442da0,
0x000001689044c770, 0x0000016890450570, 0x000001689059a6f0, 0x00000168905b71c0,
0x000001689398f590, 0x000001689398d220
}

Java Threads: ( => current thread )
  0x00000168f3e52f60 JavaThread "main" [_thread_blocked, id=21360, stack(0x000000057cd00000,0x000000057ce00000)]
  0x000001688f940d20 JavaThread "Reference Handler" daemon [_thread_blocked, id=16616, stack(0x000000057d400000,0x000000057d500000)]
  0x000001688f973010 JavaThread "Finalizer" daemon [_thread_blocked, id=12192, stack(0x000000057d500000,0x000000057d600000)]
  0x000001688f961420 JavaThread "Signal Dispatcher" daemon [_thread_blocked, id=27240, stack(0x000000057d600000,0x000000057d700000)]
  0x000001689043e410 JavaThread "Attach Listener" daemon [_thread_blocked, id=24712, stack(0x000000057d700000,0x000000057d800000)]
  0x00000168904418f0 JavaThread "Service Thread" daemon [_thread_blocked, id=12800, stack(0x000000057d800000,0x000000057d900000)]
  0x00000168904421b0 JavaThread "Monitor Deflation Thread" daemon [_thread_blocked, id=14372, stack(0x000000057d900000,0x000000057da00000)]
  0x0000016890442da0 JavaThread "C2 CompilerThread0" daemon [_thread_in_native, id=21704, stack(0x000000057da00000,0x000000057db00000)]
  0x000001689044c770 JavaThread "C1 CompilerThread0" daemon [_thread_blocked, id=16556, stack(0x000000057db00000,0x000000057dc00000)]
  0x0000016890450570 JavaThread "Sweeper thread" daemon [_thread_blocked, id=15800, stack(0x000000057dc00000,0x000000057dd00000)]
  0x000001689059a6f0 JavaThread "Notification Thread" daemon [_thread_blocked, id=23148, stack(0x000000057dd00000,0x000000057de00000)]
  0x00000168905b71c0 JavaThread "Common-Cleaner" daemon [_thread_blocked, id=19404, stack(0x000000057df00000,0x000000057e000000)]
  0x000001689398f590 JavaThread "C2 CompilerThread1" daemon [_thread_blocked, id=25692, stack(0x000000057e800000,0x000000057e900000)]
  0x000001689398d220 JavaThread "C2 CompilerThread2" daemon [_thread_blocked, id=12364, stack(0x000000057ea00000,0x000000057eb00000)]

Other Threads:
=>0x000001688f93d0f0 VMThread "VM Thread" [stack: 0x000000057d300000,0x000000057d400000] [id=18812]
  0x00000168905a4bf0 WatcherThread [stack: 0x000000057de00000,0x000000057df00000] [id=21664]
  0x00000168f3eaad00 GCTaskThread "GC Thread#0" [stack: 0x000000057ce00000,0x000000057cf00000] [id=18044]
  0x00000168909c6cb0 GCTaskThread "GC Thread#1" [stack: 0x000000057e000000,0x000000057e100000] [id=26352]
  0x00000168909c74c0 GCTaskThread "GC Thread#2" [stack: 0x000000057e100000,0x000000057e200000] [id=24544]
  0x00000168909c5c90 GCTaskThread "GC Thread#3" [stack: 0x000000057e200000,0x000000057e300000] [id=20344]
  0x00000168909c5f40 GCTaskThread "GC Thread#4" [stack: 0x000000057e300000,0x000000057e400000] [id=21512]
  0x00000168909c7210 GCTaskThread "GC Thread#5" [stack: 0x000000057e400000,0x000000057e500000] [id=27120]
  0x00000168909c6f60 GCTaskThread "GC Thread#6" [stack: 0x000000057e500000,0x000000057e600000] [id=26228]
  0x00000168909c64a0 GCTaskThread "GC Thread#7" [stack: 0x000000057e600000,0x000000057e700000] [id=15936]
  0x00000168f3eba440 ConcurrentGCThread "G1 Main Marker" [stack: 0x000000057cf00000,0x000000057d000000] [id=1548]
  0x00000168f3ebae50 ConcurrentGCThread "G1 Conc#0" [stack: 0x000000057d000000,0x000000057d100000] [id=25992]
  0x0000016890fc1650 ConcurrentGCThread "G1 Conc#1" [stack: 0x000000057e700000,0x000000057e800000] [id=23664]
  0x000001688f7a80e0 ConcurrentGCThread "G1 Refine#0" [stack: 0x000000057d100000,0x000000057d200000] [id=2756]
  0x0000016892320780 ConcurrentGCThread "G1 Refine#1" [stack: 0x000000057e900000,0x000000057ea00000] [id=8060]
  0x000001688f7a8b00 ConcurrentGCThread "G1 Service" [stack: 0x000000057d200000,0x000000057d300000] [id=14440]

Threads with active compile tasks:
C2 CompilerThread0    46661 10940       4       org.jetbrains.kotlin.types.DescriptorSubstitutor::substituteTypeParameters (389 bytes)
C2 CompilerThread2    46661 10964       4       org.jetbrains.kotlin.ir.util.TypeTranslator::translateType (625 bytes)

VM state: at safepoint (normal execution)

VM Mutex/Monitor currently owned by a thread:  ([mutex/lock_event])
[0x00000168f3e4fd70] Threads_lock - owner thread: 0x000001688f93d0f0
[0x00000168f3e4e9c0] Heap_lock - owner thread: 0x00000168f3e52f60

Heap address: 0x000000008c000000, size: 1856 MB, Compressed Oops mode: 32-bit

CDS archive(s) not mapped
Compressed class space mapped at: 0x0000000100000000-0x0000000140000000, reserved size: 1073741824
Narrow klass base: 0x0000000000000000, Narrow klass shift: 3, Narrow klass range: 0x140000000

GC Precious Log:
 CPUs: 8 total, 8 available
 Memory: 7418M
 Large Page Support: Disabled
 NUMA Support: Disabled
 Compressed Oops: Enabled (32-bit)
 Heap Region Size: 1M
 Heap Min Capacity: 8M
 Heap Initial Capacity: 116M
 Heap Max Capacity: 1856M
 Pre-touch: Disabled
 Parallel Workers: 8
 Concurrent Workers: 2
 Concurrent Refinement Workers: 8
 Periodic GC: Disabled

Heap:
 garbage-first heap   total 86016K, used 61242K [0x000000008c000000, 0x0000000100000000)
  region size 1024K, 2 young (2048K), 2 survivors (2048K)
 Metaspace       used 73626K, committed 73984K, reserved 1122304K
  class space    used 8471K, committed 8640K, reserved 1048576K

Heap Regions: E=young(eden), S=young(survivor), O=old, HS=humongous(starts), HC=humongous(continues), CS=collection set, F=free, OA=open archive, CA=closed archive, TAMS=top-at-mark-start (previous, next)
|   0|0x000000008c000000, 0x000000008c100000, 0x000000008c100000|100%|HS|  |TAMS 0x000000008c100000, 0x000000008c000000| Complete 
|   1|0x000000008c100000, 0x000000008c200000, 0x000000008c200000|100%|HC|  |TAMS 0x000000008c200000, 0x000000008c100000| Complete 
|   2|0x000000008c200000, 0x000000008c300000, 0x000000008c300000|100%|HC|  |TAMS 0x000000008c300000, 0x000000008c200000| Complete 
|   3|0x000000008c300000, 0x000000008c400000, 0x000000008c400000|100%|HC|  |TAMS 0x000000008c400000, 0x000000008c300000| Complete 
|   4|0x000000008c400000, 0x000000008c500000, 0x000000008c500000|100%| O|  |TAMS 0x000000008c500000, 0x000000008c400000| Untracked 
|   5|0x000000008c500000, 0x000000008c600000, 0x000000008c600000|100%| O|  |TAMS 0x000000008c600000, 0x000000008c500000| Untracked 
|   6|0x000000008c600000, 0x000000008c700000, 0x000000008c700000|100%| O|  |TAMS 0x000000008c700000, 0x000000008c600000| Untracked 
|   7|0x000000008c700000, 0x000000008c800000, 0x000000008c800000|100%| O|  |TAMS 0x000000008c800000, 0x000000008c700000| Untracked 
|   8|0x000000008c800000, 0x000000008c900000, 0x000000008c900000|100%| O|  |TAMS 0x000000008c800000, 0x000000008c800000| Untracked 
|   9|0x000000008c900000, 0x000000008ca00000, 0x000000008ca00000|100%| O|  |TAMS 0x000000008ca00000, 0x000000008c900000| Untracked 
|  10|0x000000008ca00000, 0x000000008cb00000, 0x000000008cb00000|100%| O|  |TAMS 0x000000008cb00000, 0x000000008ca00000| Untracked 
|  11|0x000000008cb00000, 0x000000008cc00000, 0x000000008cc00000|100%| O|  |TAMS 0x000000008cc00000, 0x000000008cb00000| Untracked 
|  12|0x000000008cc00000, 0x000000008cd00000, 0x000000008cd00000|100%| O|  |TAMS 0x000000008cd00000, 0x000000008cc00000| Untracked 
|  13|0x000000008cd00000, 0x000000008ce00000, 0x000000008ce00000|100%| O|  |TAMS 0x000000008ce00000, 0x000000008cd00000| Untracked 
|  14|0x000000008ce00000, 0x000000008cf00000, 0x000000008cf00000|100%| O|  |TAMS 0x000000008cf00000, 0x000000008ce00000| Untracked 
|  15|0x000000008cf00000, 0x000000008d000000, 0x000000008d000000|100%| O|  |TAMS 0x000000008d000000, 0x000000008cf00000| Untracked 
|  16|0x000000008d000000, 0x000000008d100000, 0x000000008d100000|100%| O|  |TAMS 0x000000008d100000, 0x000000008d000000| Untracked 
|  17|0x000000008d100000, 0x000000008d200000, 0x000000008d200000|100%| O|  |TAMS 0x000000008d200000, 0x000000008d100000| Untracked 
|  18|0x000000008d200000, 0x000000008d300000, 0x000000008d300000|100%| O|  |TAMS 0x000000008d300000, 0x000000008d200000| Untracked 
|  19|0x000000008d300000, 0x000000008d400000, 0x000000008d400000|100%| O|  |TAMS 0x000000008d400000, 0x000000008d300000| Untracked 
|  20|0x000000008d400000, 0x000000008d500000, 0x000000008d500000|100%| O|  |TAMS 0x000000008d500000, 0x000000008d400000| Untracked 
|  21|0x000000008d500000, 0x000000008d600000, 0x000000008d600000|100%| O|  |TAMS 0x000000008d600000, 0x000000008d500000| Untracked 
|  22|0x000000008d600000, 0x000000008d700000, 0x000000008d700000|100%| O|  |TAMS 0x000000008d700000, 0x000000008d600000| Untracked 
|  23|0x000000008d700000, 0x000000008d800000, 0x000000008d800000|100%|HS|  |TAMS 0x000000008d800000, 0x000000008d700000| Complete 
|  24|0x000000008d800000, 0x000000008d900000, 0x000000008d900000|100%|HC|  |TAMS 0x000000008d900000, 0x000000008d800000| Complete 
|  25|0x000000008d900000, 0x000000008da00000, 0x000000008da00000|100%| O|  |TAMS 0x000000008da00000, 0x000000008d900000| Untracked 
|  26|0x000000008da00000, 0x000000008db00000, 0x000000008db00000|100%| O|  |TAMS 0x000000008db00000, 0x000000008da00000| Untracked 
|  27|0x000000008db00000, 0x000000008dc00000, 0x000000008dc00000|100%| O|  |TAMS 0x000000008dc00000, 0x000000008db00000| Untracked 
|  28|0x000000008dc00000, 0x000000008dd00000, 0x000000008dd00000|100%| O|  |TAMS 0x000000008dd00000, 0x000000008dc00000| Untracked 
|  29|0x000000008dd00000, 0x000000008de00000, 0x000000008de00000|100%| O|  |TAMS 0x000000008de00000, 0x000000008dd00000| Untracked 
|  30|0x000000008de00000, 0x000000008df00000, 0x000000008df00000|100%| O|  |TAMS 0x000000008df00000, 0x000000008de00000| Untracked 
|  31|0x000000008df00000, 0x000000008e000000, 0x000000008e000000|100%| O|  |TAMS 0x000000008e000000, 0x000000008df00000| Untracked 
|  32|0x000000008e000000, 0x000000008e100000, 0x000000008e100000|100%| O|  |TAMS 0x000000008e100000, 0x000000008e000000| Untracked 
|  33|0x000000008e100000, 0x000000008e200000, 0x000000008e200000|100%| O|  |TAMS 0x000000008e200000, 0x000000008e100000| Untracked 
|  34|0x000000008e200000, 0x000000008e300000, 0x000000008e300000|100%| O|  |TAMS 0x000000008e300000, 0x000000008e200000| Untracked 
|  35|0x000000008e300000, 0x000000008e400000, 0x000000008e400000|100%| O|  |TAMS 0x000000008e400000, 0x000000008e300000| Untracked 
|  36|0x000000008e400000, 0x000000008e500000, 0x000000008e500000|100%| O|  |TAMS 0x000000008e400000, 0x000000008e400000| Untracked 
|  37|0x000000008e500000, 0x000000008e600000, 0x000000008e600000|100%| O|  |TAMS 0x000000008e600000, 0x000000008e500000| Untracked 
|  38|0x000000008e600000, 0x000000008e700000, 0x000000008e700000|100%| O|  |TAMS 0x000000008e700000, 0x000000008e600000| Untracked 
|  39|0x000000008e700000, 0x000000008e800000, 0x000000008e800000|100%| O|  |TAMS 0x000000008e800000, 0x000000008e700000| Untracked 
|  40|0x000000008e800000, 0x000000008e900000, 0x000000008e900000|100%| O|  |TAMS 0x000000008e900000, 0x000000008e800000| Untracked 
|  41|0x000000008e900000, 0x000000008ea00000, 0x000000008ea00000|100%| O|  |TAMS 0x000000008e979c00, 0x000000008e900000| Untracked 
|  42|0x000000008ea00000, 0x000000008eb00000, 0x000000008eb00000|100%| O|  |TAMS 0x000000008ea00000, 0x000000008ea00000| Untracked 
|  43|0x000000008eb00000, 0x000000008ec00000, 0x000000008ec00000|100%| O|  |TAMS 0x000000008eb00000, 0x000000008eb00000| Untracked 
|  44|0x000000008ec00000, 0x000000008ed00000, 0x000000008ed00000|100%| O|  |TAMS 0x000000008ec00000, 0x000000008ec00000| Untracked 
|  45|0x000000008ed00000, 0x000000008ee00000, 0x000000008ee00000|100%| O|  |TAMS 0x000000008ed00000, 0x000000008ed00000| Untracked 
|  46|0x000000008ee00000, 0x000000008ef00000, 0x000000008ef00000|100%| O|  |TAMS 0x000000008ee00000, 0x000000008ee00000| Untracked 
|  47|0x000000008ef00000, 0x000000008f000000, 0x000000008f000000|100%| O|  |TAMS 0x000000008ef00000, 0x000000008ef00000| Untracked 
|  48|0x000000008f000000, 0x000000008f100000, 0x000000008f100000|100%| O|  |TAMS 0x000000008f000000, 0x000000008f000000| Untracked 
|  49|0x000000008f100000, 0x000000008f200000, 0x000000008f200000|100%| O|  |TAMS 0x000000008f100000, 0x000000008f100000| Untracked 
|  50|0x000000008f200000, 0x000000008f300000, 0x000000008f300000|100%| O|  |TAMS 0x000000008f200000, 0x000000008f200000| Untracked 
|  51|0x000000008f300000, 0x000000008f400000, 0x000000008f400000|100%| O|  |TAMS 0x000000008f300000, 0x000000008f300000| Untracked 
|  52|0x000000008f400000, 0x000000008f500000, 0x000000008f500000|100%| O|  |TAMS 0x000000008f400000, 0x000000008f400000| Untracked 
|  53|0x000000008f500000, 0x000000008f600000, 0x000000008f600000|100%| O|  |TAMS 0x000000008f500000, 0x000000008f500000| Untracked 
|  54|0x000000008f600000, 0x000000008f700000, 0x000000008f700000|100%| O|  |TAMS 0x000000008f600000, 0x000000008f600000| Untracked 
|  55|0x000000008f700000, 0x000000008f800000, 0x000000008f800000|100%| O|  |TAMS 0x000000008f700000, 0x000000008f700000| Untracked 
|  56|0x000000008f800000, 0x000000008f900000, 0x000000008f900000|100%| O|  |TAMS 0x000000008f800000, 0x000000008f800000| Untracked 
|  57|0x000000008f900000, 0x000000008fa00000, 0x000000008fa00000|100%| O|  |TAMS 0x000000008f900000, 0x000000008f900000| Untracked 
|  58|0x000000008fa00000, 0x000000008fa00000, 0x000000008fb00000|  0%| F|  |TAMS 0x000000008fa00000, 0x000000008fa00000| Untracked 
|  59|0x000000008fb00000, 0x000000008fb00000, 0x000000008fc00000|  0%| F|  |TAMS 0x000000008fb00000, 0x000000008fb00000| Untracked 
|  60|0x000000008fc00000, 0x000000008fc00000, 0x000000008fd00000|  0%| F|  |TAMS 0x000000008fc00000, 0x000000008fc00000| Untracked 
|  61|0x000000008fd00000, 0x000000008fd00000, 0x000000008fe00000|  0%| F|  |TAMS 0x000000008fd00000, 0x000000008fd00000| Untracked 
|  62|0x000000008fe00000, 0x000000008fe00000, 0x000000008ff00000|  0%| F|  |TAMS 0x000000008fe00000, 0x000000008fe00000| Untracked 
|  63|0x000000008ff00000, 0x000000008ff00000, 0x0000000090000000|  0%| F|  |TAMS 0x000000008ff00000, 0x000000008ff00000| Untracked 
|  64|0x0000000090000000, 0x0000000090000000, 0x0000000090100000|  0%| F|  |TAMS 0x0000000090000000, 0x0000000090000000| Untracked 
|  65|0x0000000090100000, 0x0000000090100000, 0x0000000090200000|  0%| F|  |TAMS 0x0000000090100000, 0x0000000090100000| Untracked 
|  66|0x0000000090200000, 0x0000000090200000, 0x0000000090300000|  0%| F|  |TAMS 0x0000000090200000, 0x0000000090200000| Untracked 
|  67|0x0000000090300000, 0x0000000090300000, 0x0000000090400000|  0%| F|  |TAMS 0x0000000090300000, 0x0000000090300000| Untracked 
|  68|0x0000000090400000, 0x00000000904cebb8, 0x0000000090500000| 80%| S|CS|TAMS 0x0000000090400000, 0x0000000090400000| Complete 
|  69|0x0000000090500000, 0x0000000090500000, 0x0000000090600000|  0%| F|  |TAMS 0x0000000090500000, 0x0000000090500000| Untracked 
|  70|0x0000000090600000, 0x0000000090600000, 0x0000000090700000|  0%| F|  |TAMS 0x0000000090600000, 0x0000000090600000| Untracked 
|  71|0x0000000090700000, 0x0000000090800000, 0x0000000090800000|100%| S|CS|TAMS 0x0000000090700000, 0x0000000090700000| Complete 
|  72|0x0000000090800000, 0x0000000090800000, 0x0000000090900000|  0%| F|  |TAMS 0x0000000090800000, 0x0000000090800000| Untracked 
|  73|0x0000000090900000, 0x0000000090900000, 0x0000000090a00000|  0%| F|  |TAMS 0x0000000090900000, 0x0000000090900000| Untracked 
|  74|0x0000000090a00000, 0x0000000090a00000, 0x0000000090b00000|  0%| F|  |TAMS 0x0000000090a00000, 0x0000000090a00000| Untracked 
|  75|0x0000000090b00000, 0x0000000090b00000, 0x0000000090c00000|  0%| F|  |TAMS 0x0000000090b00000, 0x0000000090b00000| Untracked 
|  76|0x0000000090c00000, 0x0000000090c00000, 0x0000000090d00000|  0%| F|  |TAMS 0x0000000090c00000, 0x0000000090c00000| Untracked 
|  77|0x0000000090d00000, 0x0000000090d00000, 0x0000000090e00000|  0%| F|  |TAMS 0x0000000090d00000, 0x0000000090d00000| Untracked 
|  78|0x0000000090e00000, 0x0000000090e00000, 0x0000000090f00000|  0%| F|  |TAMS 0x0000000090e00000, 0x0000000090e00000| Untracked 
|  79|0x0000000090f00000, 0x0000000090f00000, 0x0000000091000000|  0%| F|  |TAMS 0x0000000090f00000, 0x0000000090f00000| Untracked 
|  80|0x0000000091000000, 0x0000000091000000, 0x0000000091100000|  0%| F|  |TAMS 0x0000000091000000, 0x0000000091000000| Untracked 
|  81|0x0000000091100000, 0x0000000091100000, 0x0000000091200000|  0%| F|  |TAMS 0x0000000091100000, 0x0000000091100000| Untracked 
|  82|0x0000000091200000, 0x0000000091200000, 0x0000000091300000|  0%| F|  |TAMS 0x0000000091200000, 0x0000000091200000| Untracked 
| 115|0x0000000093300000, 0x0000000093300000, 0x0000000093400000|  0%| F|  |TAMS 0x0000000093300000, 0x0000000093300000| Untracked 

Card table byte_map: [0x00000168f9d00000,0x00000168fa0a0000] _byte_map_base: 0x00000168f98a0000

Marking Bits (Prev, Next): (CMBitMap*) 0x00000168f3eab350, (CMBitMap*) 0x00000168f3eab310
 Prev Bits: [0x00000168fc140000, 0x00000168fde40000)
 Next Bits: [0x00000168fa440000, 0x00000168fc140000)

Polling page: 0x00000168f3980000

Metaspace:

Usage:
  Non-class:     63.63 MB used.
      Class:      8.27 MB used.
       Both:     71.90 MB used.

Virtual space:
  Non-class space:       72.00 MB reserved,      63.81 MB ( 89%) committed,  9 nodes.
      Class space:        1.00 GB reserved,       8.44 MB ( <1%) committed,  1 nodes.
             Both:        1.07 GB reserved,      72.25 MB (  7%) committed. 

Chunk freelists:
   Non-Class:  3.91 MB
       Class:  3.59 MB
        Both:  7.50 MB

MaxMetaspaceSize: unlimited
CompressedClassSpaceSize: 1.00 GB
Initial GC threshold: 21.00 MB
Current GC threshold: 94.38 MB
CDS: off
MetaspaceReclaimPolicy: balanced
 - commit_granule_bytes: 65536.
 - commit_granule_words: 8192.
 - virtual_space_node_default_size: 1048576.
 - enlarge_chunks_in_place: 1.
 - new_chunks_are_fully_committed: 0.
 - uncommit_free_chunks: 1.
 - use_allocation_guard: 0.
 - handle_deallocations: 1.


Internal statistics:

num_allocs_failed_limit: 6.
num_arena_births: 326.
num_arena_deaths: 0.
num_vsnodes_births: 10.
num_vsnodes_deaths: 0.
num_space_committed: 1154.
num_space_uncommitted: 0.
num_chunks_returned_to_freelist: 6.
num_chunks_taken_from_freelist: 2664.
num_chunk_merges: 6.
num_chunk_splits: 2175.
num_chunks_enlarged: 1944.
num_purges: 0.
num_inconsistent_stats: 0.

CodeHeap 'non-profiled nmethods': size=120000Kb used=4605Kb max_used=4605Kb free=115394Kb
 bounds [0x0000016887ad0000, 0x0000016887f50000, 0x000001688f000000]
CodeHeap 'profiled nmethods': size=120000Kb used=25866Kb max_used=26465Kb free=94133Kb
 bounds [0x0000016880000000, 0x00000168819e0000, 0x0000016887530000]
CodeHeap 'non-nmethods': size=5760Kb used=1372Kb max_used=1433Kb free=4387Kb
 bounds [0x0000016887530000, 0x00000168877a0000, 0x0000016887ad0000]
 total_blobs=10154 nmethods=9455 adapters=609
 compilation: enabled
              stopped_count=0, restarted_count=0
 full_count=0

Compilation events (20 events):
Event: 46.447 Thread 0x000001689044c770 11091       1       org.jetbrains.kotlin.ir.builders.declarations.IrFunctionBuilder::isInfix (5 bytes)
Event: 46.447 Thread 0x000001689044c770 nmethod 11091 0x0000016887f4e290 code [0x0000016887f4e420, 0x0000016887f4e4f8]
Event: 46.447 Thread 0x000001689044c770 11092       1       org.jetbrains.kotlin.ir.builders.declarations.IrFunctionBuilder::isFakeOverride (5 bytes)
Event: 46.447 Thread 0x000001689044c770 nmethod 11092 0x0000016887f4e590 code [0x0000016887f4e720, 0x0000016887f4e7f8]
Event: 46.447 Thread 0x000001689044c770 11094       1       org.jetbrains.kotlin.ir.builders.IrElementBuilder::setStartOffset (6 bytes)
Event: 46.447 Thread 0x000001689044c770 nmethod 11094 0x0000016887f4e890 code [0x0000016887f4ea20, 0x0000016887f4eaf8]
Event: 46.447 Thread 0x000001689044c770 11095       1       org.jetbrains.kotlin.ir.builders.IrElementBuilder::setEndOffset (6 bytes)
Event: 46.447 Thread 0x000001689044c770 nmethod 11095 0x0000016887f4eb90 code [0x0000016887f4ed20, 0x0000016887f4edf8]
Event: 46.447 Thread 0x000001689044c770 11096       1       org.jetbrains.kotlin.ir.builders.declarations.IrFunctionBuilder::setSuspend (6 bytes)
Event: 46.447 Thread 0x000001689044c770 nmethod 11096 0x0000016887f4ee90 code [0x0000016887f4f020, 0x0000016887f4f0f8]
Event: 46.447 Thread 0x000001689044c770 11097       1       org.jetbrains.kotlin.ir.builders.declarations.IrFunctionBuilder::setFakeOverride (6 bytes)
Event: 46.447 Thread 0x000001689044c770 nmethod 11097 0x0000016887f4f190 code [0x0000016887f4f320, 0x0000016887f4f3f8]
Event: 46.447 Thread 0x000001689044c770 11098       1       org.jetbrains.kotlin.ir.builders.declarations.IrFunctionBuilder::setInline (6 bytes)
Event: 46.447 Thread 0x000001689044c770 nmethod 11098 0x0000016887f4f490 code [0x0000016887f4f620, 0x0000016887f4f6f8]
Event: 46.453 Thread 0x000001689044c770 11099       3       org.jetbrains.kotlin.ir.util.IrUtilsKt$special$$inlined$filterIsInstance$1::invoke (6 bytes)
Event: 46.454 Thread 0x000001689044c770 nmethod 11099 0x0000016880a8b210 code [0x0000016880a8b3c0, 0x0000016880a8b6f8]
Event: 46.454 Thread 0x000001689044c770 11101       3       org.jetbrains.kotlin.ir.symbols.impl.IrSimpleFunctionSymbolImpl::getOwner (8 bytes)
Event: 46.454 Thread 0x000001689044c770 nmethod 11101 0x0000016880fb8610 code [0x0000016880fb87c0, 0x0000016880fb8a68]
Event: 46.454 Thread 0x000001689044c770 11100       3       org.jetbrains.kotlin.ir.util.IrUtilsKt$special$$inlined$filterIsInstance$1::invoke (8 bytes)
Event: 46.455 Thread 0x000001689044c770 nmethod 11100 0x000001688104d710 code [0x000001688104d8c0, 0x000001688104db98]

GC Heap History (20 events):
Event: 27.908 GC heap after
{Heap after GC invocations=28 (full 0):
 garbage-first heap   total 86016K, used 43366K [0x000000008c000000, 0x0000000100000000)
  region size 1024K, 2 young (2048K), 2 survivors (2048K)
 Metaspace       used 57748K, committed 57920K, reserved 1105920K
  class space    used 6836K, committed 6912K, reserved 1048576K
}
Event: 29.192 GC heap before
{Heap before GC invocations=29 (full 0):
 garbage-first heap   total 86016K, used 65894K [0x000000008c000000, 0x0000000100000000)
  region size 1024K, 24 young (24576K), 2 survivors (2048K)
 Metaspace       used 60183K, committed 60416K, reserved 1105920K
  class space    used 7129K, committed 7232K, reserved 1048576K
}
Event: 29.204 GC heap after
{Heap after GC invocations=30 (full 0):
 garbage-first heap   total 86016K, used 46387K [0x000000008c000000, 0x0000000100000000)
  region size 1024K, 3 young (3072K), 3 survivors (3072K)
 Metaspace       used 60183K, committed 60416K, reserved 1105920K
  class space    used 7129K, committed 7232K, reserved 1048576K
}
Event: 29.280 GC heap before
{Heap before GC invocations=30 (full 0):
 garbage-first heap   total 86016K, used 47411K [0x000000008c000000, 0x0000000100000000)
  region size 1024K, 4 young (4096K), 3 survivors (3072K)
 Metaspace       used 60245K, committed 60480K, reserved 1105920K
  class space    used 7139K, committed 7232K, reserved 1048576K
}
Event: 29.288 GC heap after
{Heap after GC invocations=31 (full 0):
 garbage-first heap   total 86016K, used 46413K [0x000000008c000000, 0x0000000100000000)
  region size 1024K, 1 young (1024K), 1 survivors (1024K)
 Metaspace       used 60245K, committed 60480K, reserved 1105920K
  class space    used 7139K, committed 7232K, reserved 1048576K
}
Event: 30.066 GC heap before
{Heap before GC invocations=31 (full 0):
 garbage-first heap   total 86016K, used 67917K [0x000000008c000000, 0x0000000100000000)
  region size 1024K, 21 young (21504K), 1 survivors (1024K)
 Metaspace       used 60640K, committed 60928K, reserved 1105920K
  class space    used 7161K, committed 7296K, reserved 1048576K
}
Event: 30.076 GC heap after
{Heap after GC invocations=32 (full 0):
 garbage-first heap   total 86016K, used 49445K [0x000000008c000000, 0x0000000100000000)
  region size 1024K, 3 young (3072K), 3 survivors (3072K)
 Metaspace       used 60640K, committed 60928K, reserved 1105920K
  class space    used 7161K, committed 7296K, reserved 1048576K
}
Event: 38.169 GC heap before
{Heap before GC invocations=32 (full 0):
 garbage-first heap   total 86016K, used 67877K [0x000000008c000000, 0x0000000100000000)
  region size 1024K, 21 young (21504K), 3 survivors (3072K)
 Metaspace       used 62565K, committed 62784K, reserved 1105920K
  class space    used 7334K, committed 7424K, reserved 1048576K
}
Event: 38.187 GC heap after
{Heap after GC invocations=33 (full 0):
 garbage-first heap   total 86016K, used 51254K [0x000000008c000000, 0x0000000100000000)
  region size 1024K, 2 young (2048K), 2 survivors (2048K)
 Metaspace       used 62565K, committed 62784K, reserved 1105920K
  class space    used 7334K, committed 7424K, reserved 1048576K
}
Event: 39.469 GC heap before
{Heap before GC invocations=33 (full 0):
 garbage-first heap   total 86016K, used 68662K [0x000000008c000000, 0x0000000100000000)
  region size 1024K, 19 young (19456K), 2 survivors (2048K)
 Metaspace       used 64445K, committed 64704K, reserved 1105920K
  class space    used 7566K, committed 7680K, reserved 1048576K
}
Event: 39.481 GC heap after
{Heap after GC invocations=34 (full 0):
 garbage-first heap   total 86016K, used 54272K [0x000000008c000000, 0x0000000100000000)
  region size 1024K, 3 young (3072K), 3 survivors (3072K)
 Metaspace       used 64445K, committed 64704K, reserved 1105920K
  class space    used 7566K, committed 7680K, reserved 1048576K
}
Event: 42.917 GC heap before
{Heap before GC invocations=34 (full 0):
 garbage-first heap   total 86016K, used 69632K [0x000000008c000000, 0x0000000100000000)
  region size 1024K, 18 young (18432K), 3 survivors (3072K)
 Metaspace       used 65262K, committed 65536K, reserved 1114112K
  class space    used 7595K, committed 7744K, reserved 1048576K
}
Event: 42.930 GC heap after
{Heap after GC invocations=35 (full 0):
 garbage-first heap   total 86016K, used 56568K [0x000000008c000000, 0x0000000100000000)
  region size 1024K, 3 young (3072K), 3 survivors (3072K)
 Metaspace       used 65262K, committed 65536K, reserved 1114112K
  class space    used 7595K, committed 7744K, reserved 1048576K
}
Event: 43.881 GC heap before
{Heap before GC invocations=35 (full 0):
 garbage-first heap   total 86016K, used 69880K [0x000000008c000000, 0x0000000100000000)
  region size 1024K, 16 young (16384K), 3 survivors (3072K)
 Metaspace       used 67337K, committed 67584K, reserved 1114112K
  class space    used 7815K, committed 7936K, reserved 1048576K
}
Event: 43.889 GC heap after
{Heap after GC invocations=36 (full 0):
 garbage-first heap   total 86016K, used 57504K [0x000000008c000000, 0x0000000100000000)
  region size 1024K, 2 young (2048K), 2 survivors (2048K)
 Metaspace       used 67337K, committed 67584K, reserved 1114112K
  class space    used 7815K, committed 7936K, reserved 1048576K
}
Event: 44.755 GC heap before
{Heap before GC invocations=36 (full 0):
 garbage-first heap   total 86016K, used 69792K [0x000000008c000000, 0x0000000100000000)
  region size 1024K, 15 young (15360K), 2 survivors (2048K)
 Metaspace       used 70137K, committed 70464K, reserved 1114112K
  class space    used 8099K, committed 8256K, reserved 1048576K
}
Event: 44.762 GC heap after
{Heap after GC invocations=37 (full 0):
 garbage-first heap   total 86016K, used 58118K [0x000000008c000000, 0x0000000100000000)
  region size 1024K, 2 young (2048K), 2 survivors (2048K)
 Metaspace       used 70137K, committed 70464K, reserved 1114112K
  class space    used 8099K, committed 8256K, reserved 1048576K
}
Event: 45.629 GC heap before
{Heap before GC invocations=37 (full 0):
 garbage-first heap   total 86016K, used 71430K [0x000000008c000000, 0x0000000100000000)
  region size 1024K, 15 young (15360K), 2 survivors (2048K)
 Metaspace       used 71477K, committed 71808K, reserved 1114112K
  class space    used 8218K, committed 8384K, reserved 1048576K
}
Event: 45.640 GC heap after
{Heap after GC invocations=38 (full 0):
 garbage-first heap   total 86016K, used 59382K [0x000000008c000000, 0x0000000100000000)
  region size 1024K, 2 young (2048K), 2 survivors (2048K)
 Metaspace       used 71477K, committed 71808K, reserved 1114112K
  class space    used 8218K, committed 8384K, reserved 1048576K
}
Event: 46.461 GC heap before
{Heap before GC invocations=38 (full 0):
 garbage-first heap   total 86016K, used 71670K [0x000000008c000000, 0x0000000100000000)
  region size 1024K, 14 young (14336K), 2 survivors (2048K)
 Metaspace       used 73626K, committed 73984K, reserved 1122304K
  class space    used 8471K, committed 8640K, reserved 1048576K
}

Dll operation events (2 events):
Event: 0.095 Loaded shared library C:\Program Files\Android\Android Studio\jbr\bin\java.dll
Event: 4.693 Loaded shared library C:\Program Files\Android\Android Studio\jbr\bin\verify.dll

Deoptimization events (20 events):
Event: 45.823 Thread 0x00000168f3e52f60 DEOPT PACKING pc=0x0000016887e0e548 sp=0x000000057cdfc670
Event: 45.823 Thread 0x00000168f3e52f60 DEOPT UNPACKING pc=0x00000168875869a3 sp=0x000000057cdfc5d8 mode 2
Event: 45.866 Thread 0x00000168f3e52f60 Uncommon trap: trap_request=0xffffffc6 fr.pc=0x0000016887e0e548 relative=0x0000000000007a88
Event: 45.866 Thread 0x00000168f3e52f60 Uncommon trap: reason=bimorphic_or_optimized_type_check action=maybe_recompile pc=0x0000016887e0e548 method=org.jetbrains.kotlin.types.TypeSubstitutor.projectedTypeForConflictedTypeWithUnsafeVariance(Lorg/jetbrains/kotlin/types/KotlinType;Lorg/jetbrains/k
Event: 45.866 Thread 0x00000168f3e52f60 DEOPT PACKING pc=0x0000016887e0e548 sp=0x000000057cdfd4b0
Event: 45.866 Thread 0x00000168f3e52f60 DEOPT UNPACKING pc=0x00000168875869a3 sp=0x000000057cdfd418 mode 2
Event: 45.923 Thread 0x00000168f3e52f60 Uncommon trap: trap_request=0xffffffc6 fr.pc=0x0000016887e0e548 relative=0x0000000000007a88
Event: 45.923 Thread 0x00000168f3e52f60 Uncommon trap: reason=bimorphic_or_optimized_type_check action=maybe_recompile pc=0x0000016887e0e548 method=org.jetbrains.kotlin.types.TypeSubstitutor.projectedTypeForConflictedTypeWithUnsafeVariance(Lorg/jetbrains/kotlin/types/KotlinType;Lorg/jetbrains/k
Event: 45.923 Thread 0x00000168f3e52f60 DEOPT PACKING pc=0x0000016887e0e548 sp=0x000000057cdfc6c0
Event: 45.923 Thread 0x00000168f3e52f60 DEOPT UNPACKING pc=0x00000168875869a3 sp=0x000000057cdfc628 mode 2
Event: 46.000 Thread 0x00000168f3e52f60 Uncommon trap: trap_request=0xffffff45 fr.pc=0x0000016887cc2f48 relative=0x00000000000003a8
Event: 46.000 Thread 0x00000168f3e52f60 Uncommon trap: reason=unstable_if action=reinterpret pc=0x0000016887cc2f48 method=kotlin.LazyKt__LazyJVMKt.lazy(Lkotlin/LazyThreadSafetyMode;Lkotlin/jvm/functions/Function0;)Lkotlin/Lazy; @ 21 c2
Event: 46.000 Thread 0x00000168f3e52f60 DEOPT PACKING pc=0x0000016887cc2f48 sp=0x000000057cdfe2b0
Event: 46.000 Thread 0x00000168f3e52f60 DEOPT UNPACKING pc=0x00000168875869a3 sp=0x000000057cdfe270 mode 2
Event: 46.124 Thread 0x00000168f3e52f60 Uncommon trap: trap_request=0xffffff45 fr.pc=0x0000016887b72c3c relative=0x00000000000002dc
Event: 46.124 Thread 0x00000168f3e52f60 Uncommon trap: reason=unstable_if action=reinterpret pc=0x0000016887b72c3c method=org.jetbrains.kotlin.config.MavenComparableVersion$ListItem.compareTo(Lorg/jetbrains/kotlin/config/MavenComparableVersion$Item;)I @ 87 c2
Event: 46.124 Thread 0x00000168f3e52f60 DEOPT PACKING pc=0x0000016887b72c3c sp=0x000000057cdfe8d0
Event: 46.124 Thread 0x00000168f3e52f60 DEOPT UNPACKING pc=0x00000168875869a3 sp=0x000000057cdfe878 mode 2
Event: 46.343 Thread 0x00000168f3e52f60 DEOPT PACKING pc=0x00000168804c0dcc sp=0x000000057cdfe240
Event: 46.343 Thread 0x00000168f3e52f60 DEOPT UNPACKING pc=0x0000016887587143 sp=0x000000057cdfd6d8 mode 0

Classes unloaded (0 events):
No events

Classes redefined (0 events):
No events

Internal exceptions (20 events):
Event: 26.105 Thread 0x00000168f3e52f60 Implicit null exception at 0x0000016887cb6137 to 0x0000016887cb76b4
Event: 26.777 Thread 0x00000168f3e52f60 Exception <a 'java/lang/NoSuchMethodError'{0x0000000090289bb0}: 'java.lang.Object java.lang.invoke.DirectMethodHandle$Holder.invokeInterface(java.lang.Object, java.lang.Object, java.lang.Object)'> (0x0000000090289bb0) 
thrown [s\src\hotspot\share\interpreter\linkResolver.cpp, line 771]
Event: 26.777 Thread 0x00000168f3e52f60 Exception <a 'java/lang/IncompatibleClassChangeError'{0x000000009028d7c8}: Found class java.lang.Object, but interface was expected> (0x000000009028d7c8) 
thrown [s\src\hotspot\share\interpreter\linkResolver.cpp, line 838]
Event: 26.886 Thread 0x00000168f3e52f60 Implicit null exception at 0x0000016887bf9f4c to 0x0000016887bfa028
Event: 27.335 Thread 0x00000168f3e52f60 Exception <a 'java/lang/NoSuchMethodError'{0x00000000900adf78}: 'int java.lang.invoke.DirectMethodHandle$Holder.invokeStaticInit(java.lang.Object, int)'> (0x00000000900adf78) 
thrown [s\src\hotspot\share\interpreter\linkResolver.cpp, line 771]
Event: 29.212 Thread 0x00000168f3e52f60 Exception <a 'java/lang/NoSuchMethodError'{0x0000000093315140}: 'java.lang.Object java.lang.invoke.DirectMethodHandle$Holder.invokeStatic(java.lang.Object, int, java.lang.Object)'> (0x0000000093315140) 
thrown [s\src\hotspot\share\interpreter\linkResolver.cpp, line 771]
Event: 29.319 Thread 0x00000168f3e52f60 Exception <a 'java/lang/NoSuchMethodError'{0x000000009110b278}: 'java.lang.Object java.lang.invoke.DirectMethodHandle$Holder.newInvokeSpecial(java.lang.Object, int, java.lang.Object, java.lang.Object)'> (0x000000009110b278) 
thrown [s\src\hotspot\share\interpreter\linkResolver.cpp, line 771]
Event: 30.178 Thread 0x00000168f3e52f60 Implicit null exception at 0x0000016887d5dce5 to 0x0000016887d5f244
Event: 38.266 Thread 0x00000168f3e52f60 Exception <a 'java/lang/NoSuchMethodError'{0x00000000933e6740}: 'java.lang.Object java.lang.invoke.DirectMethodHandle$Holder.invokeStatic(java.lang.Object, java.lang.Object, java.lang.Object, java.lang.Object, int)'> (0x00000000933e6740) 
thrown [s\src\hotspot\share\interpreter\linkResolver.cpp, line 771]
Event: 38.268 Thread 0x00000168f3e52f60 Exception <a 'java/lang/NoSuchMethodError'{0x00000000933f0428}: 'java.lang.Object java.lang.invoke.DirectMethodHandle$Holder.newInvokeSpecial(java.lang.Object, java.lang.Object, java.lang.Object, java.lang.Object, int)'> (0x00000000933f0428) 
thrown [s\src\hotspot\share\interpreter\linkResolver.cpp, line 771]
Event: 38.271 Thread 0x00000168f3e52f60 Exception <a 'java/lang/NoSuchMethodError'{0x00000000933f84f8}: 'java.lang.Object java.lang.invoke.Invokers$Holder.linkToTargetMethod(java.lang.Object, java.lang.Object, java.lang.Object, int, java.lang.Object)'> (0x00000000933f84f8) 
thrown [s\src\hotspot\share\interpreter\linkResolver.cpp, line 771]
Event: 38.444 Thread 0x00000168f3e52f60 Exception <a 'java/lang/NoSuchMethodError'{0x000000009119dc20}: 'void java.lang.invoke.DirectMethodHandle$Holder.invokeInterface(java.lang.Object, java.lang.Object)'> (0x000000009119dc20) 
thrown [s\src\hotspot\share\interpreter\linkResolver.cpp, line 771]
Event: 38.653 Thread 0x00000168f3e52f60 Exception <a 'java/lang/IncompatibleClassChangeError'{0x0000000090fa0c20}: Found class java.lang.Object, but interface was expected> (0x0000000090fa0c20) 
thrown [s\src\hotspot\share\interpreter\linkResolver.cpp, line 838]
Event: 41.191 Thread 0x00000168f3e52f60 Implicit null exception at 0x0000016887d6ddbc to 0x0000016887d6e67c
Event: 42.986 Thread 0x00000168f3e52f60 Implicit null exception at 0x0000016887b7b88c to 0x0000016887b7bad4
Event: 43.373 Thread 0x00000168f3e52f60 Implicit null exception at 0x0000016887d7bfda to 0x0000016887d7c2b8
Event: 43.732 Thread 0x00000168f3e52f60 Exception <a 'java/lang/NoSuchMethodError'{0x0000000090adec10}: 'java.lang.Object java.lang.invoke.DirectMethodHandle$Holder.invokeStaticInit(java.lang.Object, java.lang.Object, java.lang.Object, java.lang.Object)'> (0x0000000090adec10) 
thrown [s\src\hotspot\share\interpreter\linkResolver.cpp, line 771]
Event: 44.674 Thread 0x00000168f3e52f60 Exception <a 'java/lang/NoSuchMethodError'{0x0000000090708070}: 'java.lang.Object java.lang.invoke.DirectMethodHandle$Holder.newInvokeSpecial(java.lang.Object, java.lang.Object, java.lang.Object, int, int)'> (0x0000000090708070) 
thrown [s\src\hotspot\share\interpreter\linkResolver.cpp, line 771]
Event: 44.676 Thread 0x00000168f3e52f60 Exception <a 'java/lang/NoSuchMethodError'{0x000000009070c158}: 'java.lang.Object java.lang.invoke.DirectMethodHandle$Holder.invokeSpecial(java.lang.Object, java.lang.Object, java.lang.Object, java.lang.Object, int, int)'> (0x000000009070c158) 
thrown [s\src\hotspot\share\interpreter\linkResolver.cpp, line 771]
Event: 45.212 Thread 0x00000168f3e52f60 Exception <a 'java/lang/NoSuchMethodError'{0x0000000090f942b8}: 'java.lang.Object java.lang.invoke.DirectMethodHandle$Holder.invokeSpecial(java.lang.Object, java.lang.Object, int, int, java.lang.Object, java.lang.Object, java.lang.Object, java.lang.Object, java.lang.Object)'> (0x0000000090f942b8) 
thrown [s\src\hotspot\share\interpreter\linkResolver.cpp, line 771]

VM Operations (20 events):
Event: 45.568 Executing VM operation: ICBufferFull done
Event: 45.629 Executing VM operation: G1CollectForAllocation
Event: 45.640 Executing VM operation: G1CollectForAllocation done
Event: 45.789 Executing VM operation: ICBufferFull
Event: 45.790 Executing VM operation: ICBufferFull done
Event: 45.965 Executing VM operation: HandshakeAllThreads
Event: 45.965 Executing VM operation: HandshakeAllThreads done
Event: 45.995 Executing VM operation: HandshakeAllThreads
Event: 45.995 Executing VM operation: HandshakeAllThreads done
Event: 46.009 Executing VM operation: HandshakeAllThreads
Event: 46.009 Executing VM operation: HandshakeAllThreads done
Event: 46.017 Executing VM operation: HandshakeAllThreads
Event: 46.017 Executing VM operation: HandshakeAllThreads done
Event: 46.115 Executing VM operation: HandshakeAllThreads
Event: 46.115 Executing VM operation: HandshakeAllThreads done
Event: 46.343 Executing VM operation: HandshakeAllThreads
Event: 46.343 Executing VM operation: HandshakeAllThreads done
Event: 46.347 Executing VM operation: HandshakeAllThreads
Event: 46.347 Executing VM operation: HandshakeAllThreads done
Event: 46.460 Executing VM operation: G1CollectForAllocation

Events (20 events):
Event: 45.479 Thread 0x0000016890450570 flushing nmethod 0x00000168812acb10
Event: 45.480 Thread 0x0000016890450570 flushing nmethod 0x0000016881313d10
Event: 45.480 Thread 0x0000016890450570 flushing nmethod 0x000001688137a290
Event: 45.481 Thread 0x0000016890450570 flushing nmethod 0x000001688144cf90
Event: 45.481 Thread 0x0000016890450570 flushing nmethod 0x000001688144ff10
Event: 45.481 Thread 0x0000016890450570 flushing nmethod 0x0000016881451810
Event: 45.481 Thread 0x0000016890450570 flushing nmethod 0x0000016881495190
Event: 45.482 Thread 0x0000016890450570 flushing nmethod 0x00000168814d5290
Event: 45.482 Thread 0x0000016890450570 flushing nmethod 0x00000168814e4190
Event: 45.483 Thread 0x0000016890450570 flushing nmethod 0x00000168815ed310
Event: 45.483 Thread 0x0000016890450570 flushing nmethod 0x0000016881600a10
Event: 45.483 Thread 0x0000016890450570 flushing nmethod 0x000001688160d990
Event: 45.483 Thread 0x0000016890450570 flushing nmethod 0x000001688162c790
Event: 45.483 Thread 0x0000016890450570 flushing nmethod 0x000001688162f910
Event: 45.483 Thread 0x0000016890450570 flushing nmethod 0x0000016881651690
Event: 45.483 Thread 0x0000016890450570 flushing nmethod 0x0000016881654810
Event: 45.483 Thread 0x0000016890450570 flushing nmethod 0x0000016881673610
Event: 45.484 Thread 0x0000016890450570 flushing nmethod 0x000001688168ad90
Event: 45.484 Thread 0x0000016890450570 flushing nmethod 0x00000168816a7a90
Event: 45.486 Thread 0x0000016890450570 flushing nmethod 0x0000016881801410


Dynamic libraries:
0x00007ff6084a0000 - 0x00007ff6084aa000 	C:\Program Files\Android\Android Studio\jbr\bin\java.exe
0x00007ffdd5d30000 - 0x00007ffdd5f44000 	C:\windows\SYSTEM32\ntdll.dll
0x00007ffdd5090000 - 0x00007ffdd5154000 	C:\windows\System32\KERNEL32.DLL
0x00007ffdd32f0000 - 0x00007ffdd3694000 	C:\windows\System32\KERNELBASE.dll
0x00007ffd89e00000 - 0x00007ffd89ed5000 	C:\Program Files\Bitdefender\Bitdefender Security\bdhkm\dlls_266762922154664324\bdhkm64.dll
0x00007ffd89b10000 - 0x00007ffd89c69000 	C:\Program Files\Bitdefender\Bitdefender Security\atcuf\dlls_266762921410494102\atcuf64.dll
0x00007ffdd39a0000 - 0x00007ffdd3ab1000 	C:\windows\System32\ucrtbase.dll
0x00007ffdae0b0000 - 0x00007ffdae0c7000 	C:\Program Files\Android\Android Studio\jbr\bin\jli.dll
0x00007ffdd57b0000 - 0x00007ffdd595e000 	C:\windows\System32\USER32.dll
0x00007ffdd3150000 - 0x00007ffdd3176000 	C:\windows\System32\win32u.dll
0x00007ffdd53e0000 - 0x00007ffdd5409000 	C:\windows\System32\GDI32.dll
0x00007ffdd3880000 - 0x00007ffdd3998000 	C:\windows\System32\gdi32full.dll
0x00007ffdd37e0000 - 0x00007ffdd387a000 	C:\windows\System32\msvcp_win.dll
0x00007ffd66d90000 - 0x00007ffd66dab000 	C:\Program Files\Android\Android Studio\jbr\bin\VCRUNTIME140.dll
0x00007ffdc3870000 - 0x00007ffdc3b03000 	C:\windows\WinSxS\amd64_microsoft.windows.common-controls_6595b64144ccf1df_6.0.22621.2215_none_270d72677387dfc3\COMCTL32.dll
0x00007ffdd4fe0000 - 0x00007ffdd5087000 	C:\windows\System32\msvcrt.dll
0x00007ffdd5500000 - 0x00007ffdd5531000 	C:\windows\System32\IMM32.DLL
0x00007ffd84450000 - 0x00007ffd8445c000 	C:\Program Files\Android\Android Studio\jbr\bin\vcruntime140_1.dll
0x00007ffd61130000 - 0x00007ffd611bd000 	C:\Program Files\Android\Android Studio\jbr\bin\msvcp140.dll
0x00007ffd63670000 - 0x00007ffd642de000 	C:\Program Files\Android\Android Studio\jbr\bin\server\jvm.dll
0x00007ffdd5160000 - 0x00007ffdd5210000 	C:\windows\System32\ADVAPI32.dll
0x00007ffdd3de0000 - 0x00007ffdd3e86000 	C:\windows\System32\sechost.dll
0x00007ffdd5540000 - 0x00007ffdd5657000 	C:\windows\System32\RPCRT4.dll
0x00007ffdb9bd0000 - 0x00007ffdb9bd9000 	C:\windows\SYSTEM32\WSOCK32.dll
0x00007ffdd5480000 - 0x00007ffdd54f1000 	C:\windows\System32\WS2_32.dll
0x00007ffdcb1a0000 - 0x00007ffdcb1d4000 	C:\windows\SYSTEM32\WINMM.dll
0x00007ffdca350000 - 0x00007ffdca35a000 	C:\windows\SYSTEM32\VERSION.dll
0x00007ffdd20a0000 - 0x00007ffdd20b8000 	C:\windows\SYSTEM32\kernel.appcore.dll
0x00007ffdb11e0000 - 0x00007ffdb11ea000 	C:\Program Files\Android\Android Studio\jbr\bin\jimage.dll
0x00007ffdc1c50000 - 0x00007ffdc1e7e000 	C:\windows\SYSTEM32\DBGHELP.DLL
0x00007ffdd46f0000 - 0x00007ffdd4a7a000 	C:\windows\System32\combase.dll
0x00007ffdd4a80000 - 0x00007ffdd4b57000 	C:\windows\System32\OLEAUT32.dll
0x00007ffdc1c10000 - 0x00007ffdc1c42000 	C:\windows\SYSTEM32\dbgcore.DLL
0x00007ffdd3760000 - 0x00007ffdd37da000 	C:\windows\System32\bcryptPrimitives.dll
0x00007ffdb11b0000 - 0x00007ffdb11d5000 	C:\Program Files\Android\Android Studio\jbr\bin\java.dll
0x00007ffdb0620000 - 0x00007ffdb0638000 	C:\Program Files\Android\Android Studio\jbr\bin\zip.dll
0x00007ffdd3e90000 - 0x00007ffdd46b3000 	C:\windows\System32\SHELL32.dll
0x00007ffdd1020000 - 0x00007ffdd190a000 	C:\windows\SYSTEM32\windows.storage.dll
0x00007ffdd0ee0000 - 0x00007ffdd101e000 	C:\windows\SYSTEM32\wintypes.dll
0x00007ffdd3cd0000 - 0x00007ffdd3dc3000 	C:\windows\System32\SHCORE.dll
0x00007ffdd5a60000 - 0x00007ffdd5abe000 	C:\windows\System32\shlwapi.dll
0x00007ffdd3010000 - 0x00007ffdd3036000 	C:\windows\SYSTEM32\profapi.dll
0x00007ffdae1d0000 - 0x00007ffdae1e9000 	C:\Program Files\Android\Android Studio\jbr\bin\net.dll
0x00007ffdcc950000 - 0x00007ffdcca87000 	C:\windows\SYSTEM32\WINHTTP.dll
0x00007ffdd2560000 - 0x00007ffdd25c9000 	C:\windows\system32\mswsock.dll
0x00007ffdae1b0000 - 0x00007ffdae1c6000 	C:\Program Files\Android\Android Studio\jbr\bin\nio.dll
0x00007ffdb11a0000 - 0x00007ffdb11b0000 	C:\Program Files\Android\Android Studio\jbr\bin\verify.dll

dbghelp: loaded successfully - version: 4.0.5 - missing functions: none
symbol engine: initialized successfully - sym options: 0x614 - pdb path: .;C:\Program Files\Android\Android Studio\jbr\bin;C:\windows\SYSTEM32;C:\Program Files\Bitdefender\Bitdefender Security\bdhkm\dlls_266762922154664324;C:\Program Files\Bitdefender\Bitdefender Security\atcuf\dlls_266762921410494102;C:\windows\WinSxS\amd64_microsoft.windows.common-controls_6595b64144ccf1df_6.0.22621.2215_none_270d72677387dfc3;C:\Program Files\Android\Android Studio\jbr\bin\server

VM Arguments:
java_command: org.jetbrains.kotlin.cli.jvm.K2JVMCompiler @C:\Users\corentin\Documents\Programmation\AndroidStudioProjects\MyApplication\app\build\20230919_2691166378214368379.compiler.options
java_class_path (initial): C:\Users\corentin\.gradle\caches\modules-2\files-2.1\org.jetbrains.kotlin\kotlin-compiler-embeddable\1.9.10\57ca1b0823ae3ecb451a97e1f8e6de0b19ea5294\kotlin-compiler-embeddable-1.9.10.jar;C:\Users\corentin\.gradle\caches\modules-2\files-2.1\org.jetbrains.kotlin\kotlin-stdlib\1.9.10\72812e8a368917ab5c0a5081b56915ffdfec93b7\kotlin-stdlib-1.9.10.jar;C:\Users\corentin\.gradle\caches\modules-2\files-2.1\org.jetbrains.kotlin\kotlin-script-runtime\1.9.10\398513a8534701579cccaf5953ea914416b4696c\kotlin-script-runtime-1.9.10.jar;C:\Users\corentin\.gradle\caches\modules-2\files-2.1\org.jetbrains.kotlin\kotlin-reflect\1.6.10\1cbe9c92c12a94eea200d23c2bbaedaf3daf5132\kotlin-reflect-1.6.10.jar;C:\Users\corentin\.gradle\caches\modules-2\files-2.1\org.jetbrains.kotlin\kotlin-daemon-embeddable\1.9.10\bda2f7daa6b89d2ded2d9e1e0b0cadaf9446ade1\kotlin-daemon-embeddable-1.9.10.jar;C:\Users\corentin\.gradle\caches\modules-2\files-2.1\org.jetbrains.intellij.deps\trove4j\1.0.20200330\3afb14d5f9ceb459d724e907a21145e8ff394f02\trove4j-1.0.20200330.jar;C:\Users\corentin\.gradle\caches\modules-2\files-2.1\org.jetbrains.kotlin\kotlin-stdlib-common\1.9.10\dafaf2c27f27c09220cee312df10917d9a5d97ce\kotlin-stdlib-common-1.9.10.jar;C:\Users\corentin\.gradle\caches\modules-2\files-2.1\org.jetbrains\annotations\13.0\919f0dfe192fb4e063e7dacadee7f8bb9a2672a9\annotations-13.0.jar
Launcher Type: SUN_STANDARD

[Global flags]
     intx CICompilerCount                          = 4                                         {product} {ergonomic}
     uint ConcGCThreads                            = 2                                         {product} {ergonomic}
     uint G1ConcRefinementThreads                  = 8                                         {product} {ergonomic}
   size_t G1HeapRegionSize                         = 1048576                                   {product} {ergonomic}
    uintx GCDrainStackTargetSize                   = 64                                        {product} {ergonomic}
   size_t InitialHeapSize                          = 121634816                                 {product} {ergonomic}
   size_t MarkStackSize                            = 4194304                                   {product} {ergonomic}
   size_t MaxHeapSize                              = 1946157056                                {product} {ergonomic}
   size_t MaxNewSize                               = 1167065088                                {product} {ergonomic}
   size_t MinHeapDeltaBytes                        = 1048576                                   {product} {ergonomic}
   size_t MinHeapSize                              = 8388608                                   {product} {ergonomic}
    uintx NonNMethodCodeHeapSize                   = 5839372                                {pd product} {ergonomic}
    uintx NonProfiledCodeHeapSize                  = 122909434                              {pd product} {ergonomic}
    uintx ProfiledCodeHeapSize                     = 122909434                              {pd product} {ergonomic}
    uintx ReservedCodeCacheSize                    = 251658240                              {pd product} {ergonomic}
     bool SegmentedCodeCache                       = true                                      {product} {ergonomic}
   size_t SoftMaxHeapSize                          = 1946157056                             {manageable} {ergonomic}
     bool UseCompressedClassPointers               = true                           {product lp64_product} {ergonomic}
     bool UseCompressedOops                        = true                           {product lp64_product} {ergonomic}
     bool UseG1GC                                  = true                                      {product} {ergonomic}
     bool UseLargePagesIndividualAllocation        = false                                  {pd product} {ergonomic}

Logging:
Log output configuration:
 #0: stdout all=warning uptime,level,tags
 #1: stderr all=off uptime,level,tags

Environment Variables:
PATH=C:\Program Files\Python311\Scripts\;C:\Program Files\Python311\;C:\windows\system32;C:\windows;C:\windows\System32\Wbem;C:\windows\System32\WindowsPowerShell\v1.0\;C:\windows\System32\OpenSSH\;C:\Users\corentin\AppData\Roaming\Python\Python311\Scripts;C:\Users\corentin\AppData\Local\Microsoft\WindowsApps;
USERNAME=corentin
OS=Windows_NT
PROCESSOR_IDENTIFIER=AMD64 Family 23 Model 160 Stepping 0, AuthenticAMD
TMP=C:\Users\corentin\AppData\Local\Temp
TEMP=C:\Users\corentin\AppData\Local\Temp


JNI global refs:
JNI global refs: 11, weak refs: 0

JNI global refs memory usage: 843, weak refs: 841


---------------  S Y S T E M  ---------------

OS:
 Windows 11 , 64 bit Build 22621 (10.0.22621.2215)
OS uptime: 1 days 22:30 hours
Hyper-V role detected

CPU: total 8 (initial active 8) (8 cores per cpu, 2 threads per core) family 23 model 160 stepping 0 microcode 0x0, cx8, cmov, fxsr, ht, mmx, 3dnowpref, sse, sse2, sse3, ssse3, sse4a, sse4.1, sse4.2, popcnt, lzcnt, tsc, tscinvbit, avx, avx2, aes, clmul, bmi1, bmi2, adx, sha, fma, vzeroupper, clflush, clflushopt, hv

Memory: 4k page, system-wide physical 7418M (1019M free)
TotalPageFile size 29946M (AvailPageFile size 35M)
current process WorkingSet (physical memory assigned to process): 251M, peak: 256M
current process commit charge ("private bytes"): 340M, peak: 361M

vm_info: OpenJDK 64-Bit Server VM (17.0.6+0-b2043.56-10027231) for windows-amd64 JRE (17.0.6+0-b2043.56-10027231), built on Apr 28 2023 00:43:19 by "androidbuild" with MS VC++ 16.10 / 16.11 (VS2019)

END.
